{
  "uid" : "c6e7956e1d54381",
  "name" : "User pays a cart with single RPT with one transfer",
  "fullName" : "User pays a payment carts without stamps on nodoInviaCarrelloRPT: User pays a cart with single RPT with one transfer",
  "historyId" : "6dde9fa9059daa6ac52ff785d769a10f",
  "time" : {
    "start" : 1751699505751,
    "stop" : 1751699530407,
    "duration" : 24656
  },
  "status" : "failed",
  "statusMessage" : "AssertionError: There are not events with business process timer-delete.\n",
  "statusTrace" : "  File \"/opt/hostedtoolcache/Python/3.13.5/x64/lib/python3.13/site-packages/behave/model.py\", line 1329, in run\n    match.run(runner.context)\n    ~~~~~~~~~^^^^^^^^^^^^^^^^\n  File \"/opt/hostedtoolcache/Python/3.13.5/x64/lib/python3.13/site-packages/behave/matchers.py\", line 98, in run\n    self.func(context, *args, **kwargs)\n    ~~~~~~~~~^^^^^^^^^^^^^^^^^^^^^^^^^^\n  File \"src/bdd/wisp/steps/steps.py\", line 195, in user_redirected_to_checkout\n    steputils.check_wisp_session_timers_del_and_rts_were_sent(context)\n    ~~~~~~~~~~~~~~~~~~~~~~~~~~~~~~~~~~~~~~~~~~~~~~~~~~~~~~~~~^^^^^^^^^\n  File \"/home/runner/work/pagopa-platform-integration-test/pagopa-platform-integration-test/src/utility/wisp/steps_utils.py\", line 892, in check_wisp_session_timers_del_and_rts_were_sent\n    check_event(context, 'timer-delete', 'status', 'PAYMENT_TOKEN_TIMER_DELETION_PROCESSED')\n    ~~~~~~~~~~~^^^^^^^^^^^^^^^^^^^^^^^^^^^^^^^^^^^^^^^^^^^^^^^^^^^^^^^^^^^^^^^^^^^^^^^^^^^^^\n  File \"/home/runner/work/pagopa-platform-integration-test/pagopa-platform-integration-test/src/utility/wisp/steps_utils.py\", line 400, in check_event\n    utils.assert_show_message(len(needed_process_events) > 0,\n    ~~~~~~~~~~~~~~~~~~~~~~~~~^^^^^^^^^^^^^^^^^^^^^^^^^^^^^^^^\n                              f'There are not events with business process {business_process}.')\n                              ^^^^^^^^^^^^^^^^^^^^^^^^^^^^^^^^^^^^^^^^^^^^^^^^^^^^^^^^^^^^^^^^^^\n  File \"/home/runner/work/pagopa-platform-integration-test/pagopa-platform-integration-test/src/utility/wisp/utils.py\", line 133, in assert_show_message\n    assert assertion_value, message\n           ^^^^^^^^^^^^^^^\n",
  "flaky" : false,
  "newFailed" : false,
  "beforeStages" : [ ],
  "testStage" : {
    "status" : "failed",
    "statusMessage" : "AssertionError: There are not events with business process timer-delete.\n",
    "statusTrace" : "  File \"/opt/hostedtoolcache/Python/3.13.5/x64/lib/python3.13/site-packages/behave/model.py\", line 1329, in run\n    match.run(runner.context)\n    ~~~~~~~~~^^^^^^^^^^^^^^^^\n  File \"/opt/hostedtoolcache/Python/3.13.5/x64/lib/python3.13/site-packages/behave/matchers.py\", line 98, in run\n    self.func(context, *args, **kwargs)\n    ~~~~~~~~~^^^^^^^^^^^^^^^^^^^^^^^^^^\n  File \"src/bdd/wisp/steps/steps.py\", line 195, in user_redirected_to_checkout\n    steputils.check_wisp_session_timers_del_and_rts_were_sent(context)\n    ~~~~~~~~~~~~~~~~~~~~~~~~~~~~~~~~~~~~~~~~~~~~~~~~~~~~~~~~~^^^^^^^^^\n  File \"/home/runner/work/pagopa-platform-integration-test/pagopa-platform-integration-test/src/utility/wisp/steps_utils.py\", line 892, in check_wisp_session_timers_del_and_rts_were_sent\n    check_event(context, 'timer-delete', 'status', 'PAYMENT_TOKEN_TIMER_DELETION_PROCESSED')\n    ~~~~~~~~~~~^^^^^^^^^^^^^^^^^^^^^^^^^^^^^^^^^^^^^^^^^^^^^^^^^^^^^^^^^^^^^^^^^^^^^^^^^^^^^\n  File \"/home/runner/work/pagopa-platform-integration-test/pagopa-platform-integration-test/src/utility/wisp/steps_utils.py\", line 400, in check_event\n    utils.assert_show_message(len(needed_process_events) > 0,\n    ~~~~~~~~~~~~~~~~~~~~~~~~~^^^^^^^^^^^^^^^^^^^^^^^^^^^^^^^^\n                              f'There are not events with business process {business_process}.')\n                              ^^^^^^^^^^^^^^^^^^^^^^^^^^^^^^^^^^^^^^^^^^^^^^^^^^^^^^^^^^^^^^^^^^\n  File \"/home/runner/work/pagopa-platform-integration-test/pagopa-platform-integration-test/src/utility/wisp/utils.py\", line 133, in assert_show_message\n    assert assertion_value, message\n           ^^^^^^^^^^^^^^^\n",
    "steps" : [ {
      "name" : "Given systems up",
      "time" : {
        "start" : 1751699505752,
        "stop" : 1751699506990,
        "duration" : 1238
      },
      "status" : "passed",
      "steps" : [ ],
      "attachments" : [ ],
      "parameters" : [ ],
      "stepsCount" : 0,
      "attachmentsCount" : 0,
      "shouldDisplayMessage" : false,
      "hasContent" : false
    }, {
      "name" : "Given a cart of RPTs non-multibeneficiary",
      "time" : {
        "start" : 1751699506990,
        "stop" : 1751699506991,
        "duration" : 1
      },
      "status" : "passed",
      "steps" : [ ],
      "attachments" : [ ],
      "parameters" : [ ],
      "stepsCount" : 0,
      "attachmentsCount" : 0,
      "shouldDisplayMessage" : false,
      "hasContent" : false
    }, {
      "name" : "And a single RPT of type BBT with 1 transfers of which none are stamps",
      "time" : {
        "start" : 1751699506991,
        "stop" : 1751699506991,
        "duration" : 0
      },
      "status" : "passed",
      "steps" : [ ],
      "attachments" : [ ],
      "parameters" : [ ],
      "stepsCount" : 0,
      "attachmentsCount" : 0,
      "shouldDisplayMessage" : false,
      "hasContent" : false
    }, {
      "name" : "When the user tries to pay a cart of RPTs on EC website",
      "time" : {
        "start" : 1751699506991,
        "stop" : 1751699507688,
        "duration" : 697
      },
      "status" : "passed",
      "steps" : [ ],
      "attachments" : [ {
        "uid" : "ab11aa1baf230165",
        "name" : "Step: [the user tries to pay a cart of RPTs on EC website] - Sent request",
        "source" : "ab11aa1baf230165.txt",
        "type" : "text/plain",
        "size" : 8198
      }, {
        "uid" : "6936ee613e66a7bb",
        "name" : "Step: [the user tries to pay a cart of RPTs on EC website] - Received response",
        "source" : "6936ee613e66a7bb.txt",
        "type" : "text/plain",
        "size" : 409
      } ],
      "parameters" : [ ],
      "stepsCount" : 0,
      "attachmentsCount" : 2,
      "shouldDisplayMessage" : false,
      "hasContent" : true
    }, {
      "name" : "Then the user is redirected on Checkout completing the payment",
      "time" : {
        "start" : 1751699507689,
        "stop" : 1751699530406,
        "duration" : 22717
      },
      "status" : "failed",
      "statusMessage" : "AssertionError: There are not events with business process timer-delete.\n",
      "statusTrace" : "  File \"/opt/hostedtoolcache/Python/3.13.5/x64/lib/python3.13/site-packages/behave/model.py\", line 1329, in run\n    match.run(runner.context)\n    ~~~~~~~~~^^^^^^^^^^^^^^^^\n  File \"/opt/hostedtoolcache/Python/3.13.5/x64/lib/python3.13/site-packages/behave/matchers.py\", line 98, in run\n    self.func(context, *args, **kwargs)\n    ~~~~~~~~~^^^^^^^^^^^^^^^^^^^^^^^^^^\n  File \"src/bdd/wisp/steps/steps.py\", line 195, in user_redirected_to_checkout\n    steputils.check_wisp_session_timers_del_and_rts_were_sent(context)\n    ~~~~~~~~~~~~~~~~~~~~~~~~~~~~~~~~~~~~~~~~~~~~~~~~~~~~~~~~~^^^^^^^^^\n  File \"/home/runner/work/pagopa-platform-integration-test/pagopa-platform-integration-test/src/utility/wisp/steps_utils.py\", line 892, in check_wisp_session_timers_del_and_rts_were_sent\n    check_event(context, 'timer-delete', 'status', 'PAYMENT_TOKEN_TIMER_DELETION_PROCESSED')\n    ~~~~~~~~~~~^^^^^^^^^^^^^^^^^^^^^^^^^^^^^^^^^^^^^^^^^^^^^^^^^^^^^^^^^^^^^^^^^^^^^^^^^^^^^\n  File \"/home/runner/work/pagopa-platform-integration-test/pagopa-platform-integration-test/src/utility/wisp/steps_utils.py\", line 400, in check_event\n    utils.assert_show_message(len(needed_process_events) > 0,\n    ~~~~~~~~~~~~~~~~~~~~~~~~~^^^^^^^^^^^^^^^^^^^^^^^^^^^^^^^^\n                              f'There are not events with business process {business_process}.')\n                              ^^^^^^^^^^^^^^^^^^^^^^^^^^^^^^^^^^^^^^^^^^^^^^^^^^^^^^^^^^^^^^^^^^\n  File \"/home/runner/work/pagopa-platform-integration-test/pagopa-platform-integration-test/src/utility/wisp/utils.py\", line 133, in assert_show_message\n    assert assertion_value, message\n           ^^^^^^^^^^^^^^^\n",
      "steps" : [ ],
      "attachments" : [ {
        "uid" : "79e2b04c431f294f",
        "name" : "Received response",
        "source" : "79e2b04c431f294f.attach",
        "type" : "text/plain",
        "size" : 131
      }, {
        "uid" : "beade1de6234873a",
        "name" : "Step: [the user is redirected on Checkout completing the payment]: on IUV: [732620117057257] - Received response",
        "source" : "beade1de6234873a.txt",
        "type" : "text/plain",
        "size" : 27841
      }, {
        "uid" : "3ea74cba124ed5c8",
        "name" : "Step: [the user is redirected on Checkout completing the payment] - Sent request",
        "source" : "3ea74cba124ed5c8.txt",
        "type" : "text/plain",
        "size" : 167
      }, {
        "uid" : "2653f99ec266e9fc",
        "name" : "Step: [the user is redirected on Checkout completing the payment] - Received response",
        "source" : "2653f99ec266e9fc.txt",
        "type" : "text/plain",
        "size" : 242
      }, {
        "uid" : "ced36d9ebda8a3b0",
        "name" : "Step: [the user is redirected on Checkout completing the payment] - Sent request",
        "source" : "ced36d9ebda8a3b0.txt",
        "type" : "text/plain",
        "size" : 821
      }, {
        "uid" : "e1d7caec94ae5db6",
        "name" : "Step: [the user is redirected on Checkout completing the payment] - Received response",
        "source" : "e1d7caec94ae5db6.txt",
        "type" : "text/plain",
        "size" : 953
      }, {
        "uid" : "d32464a7ad00403a",
        "name" : "Step: [the user is redirected on Checkout completing the payment]: on IUV: [732620117057257] - Received response",
        "source" : "d32464a7ad00403a.txt",
        "type" : "text/plain",
        "size" : 30186
      }, {
        "uid" : "4fed32c50ae66599",
        "name" : "Step: [the user is redirected on Checkout completing the payment] - Sent request",
        "source" : "4fed32c50ae66599.txt",
        "type" : "text/plain",
        "size" : 1252
      }, {
        "uid" : "a19a273c3c8aaf4a",
        "name" : "Step: [the user is redirected on Checkout completing the payment] - Received response",
        "source" : "a19a273c3c8aaf4a.txt",
        "type" : "text/plain",
        "size" : 104
      }, {
        "uid" : "effce6e16c7b7a39",
        "name" : "Step: [the user is redirected on Checkout completing the payment]: on IUV: [732620117057257] - Received response",
        "source" : "effce6e16c7b7a39.txt",
        "type" : "text/plain",
        "size" : 43324
      } ],
      "parameters" : [ ],
      "stepsCount" : 0,
      "attachmentsCount" : 10,
      "shouldDisplayMessage" : true,
      "hasContent" : true
    } ],
    "attachments" : [ ],
    "parameters" : [ ],
    "stepsCount" : 5,
    "attachmentsCount" : 12,
    "shouldDisplayMessage" : false,
    "hasContent" : true
  },
  "afterStages" : [ ],
  "labels" : [ {
    "name" : "severity",
    "value" : "normal"
  }, {
    "name" : "tag",
    "value" : "happy_path"
  }, {
    "name" : "tag",
    "value" : "nodo_invia_carrello_rpt"
  }, {
    "name" : "tag",
    "value" : "runnable"
  }, {
    "name" : "feature",
    "value" : "User pays a payment carts without stamps on nodoInviaCarrelloRPT"
  }, {
    "name" : "framework",
    "value" : "behave"
  }, {
    "name" : "language",
    "value" : "cpython3"
  }, {
    "name" : "resultFormat",
    "value" : "allure2"
  } ],
  "parameters" : [ ],
  "links" : [ ],
  "hidden" : false,
  "retry" : false,
  "extra" : {
    "severity" : "normal",
    "retries" : [ ],
    "categories" : [ {
      "name" : "Product defects",
      "matchedStatuses" : [ ],
      "flaky" : false
    } ],
    "tags" : [ "runnable", "nodo_invia_carrello_rpt", "happy_path" ]
  },
  "source" : "c6e7956e1d54381.json",
  "parameterValues" : [ ]
}