<testsuite name="features.nodoInviaRPT.nodoInviaRPT_withStamp.User pays a single payment with stamp via nodoInviaRPT" tests="6" errors="0" failures="0" skipped="0" time="85.628524" timestamp="2026-05-19T16:32:37.296841" hostname="2SQDFS3-A081"><testcase classname="features.nodoInviaRPT.nodoInviaRPT_withStamp.User pays a single payment with stamp via nodoInviaRPT" name="User pays a single payment with no simple transfer and one stamp" status="passed" time="20.903491"><system-out>
<![CDATA[
@scenario.begin

  @runnable @nodo_invia_rpt @happy_path
  Scenario: User pays a single payment with no simple transfer and one stamp
    Given systems up ... passed in 0.597s
    Given a single RPT of type BBT with 1 transfers of which 1 are stamps ... passed in 0.000s
    When the user tries to pay the RPT on EC website ... passed in 0.767s
    Then the user is redirected on Checkout completing the payment ... passed in 19.538s

@scenario.end
--------------------------------------------------------------------------------
]]>
</system-out></testcase><testcase classname="features.nodoInviaRPT.nodoInviaRPT_withStamp.User pays a single payment with stamp via nodoInviaRPT" name="User pays a single payment with one simple transfer and one stamp" status="passed" time="20.731926"><system-out>
<![CDATA[
@scenario.begin

  @runnable @nodo_invia_rpt @happy_path
  Scenario: User pays a single payment with one simple transfer and one stamp
    Given systems up ... passed in 0.356s
    Given a single RPT of type BBT with 2 transfers of which 1 are stamps ... passed in 0.000s
    When the user tries to pay the RPT on EC website ... passed in 0.312s
    Then the user is redirected on Checkout completing the payment ... passed in 20.064s

@scenario.end
--------------------------------------------------------------------------------
]]>
</system-out></testcase><testcase classname="features.nodoInviaRPT.nodoInviaRPT_withStamp.User pays a single payment with stamp via nodoInviaRPT" name="User pays a single payment with two simple transfer and one stamp" status="passed" time="20.42604"><system-out>
<![CDATA[
@scenario.begin

  @runnable @nodo_invia_rpt @happy_path
  Scenario: User pays a single payment with two simple transfer and one stamp
    Given systems up ... passed in 0.360s
    Given a single RPT of type BBT with 3 transfers of which 1 are stamps ... passed in 0.000s
    When the user tries to pay the RPT on EC website ... passed in 0.330s
    Then the user is redirected on Checkout completing the payment ... passed in 19.736s

@scenario.end
--------------------------------------------------------------------------------
]]>
</system-out></testcase><testcase classname="features.nodoInviaRPT.nodoInviaRPT_withStamp.User pays a single payment with stamp via nodoInviaRPT" name="User pays a single payment with two simple transfer and two stamp" status="passed" time="21.664351"><system-out>
<![CDATA[
@scenario.begin

  @runnable @nodo_invia_rpt @happy_path
  Scenario: User pays a single payment with two simple transfer and two stamp
    Given systems up ... passed in 0.463s
    Given a single RPT of type BBT with 4 transfers of which 2 are stamps ... passed in 0.000s
    When the user tries to pay the RPT on EC website ... passed in 0.346s
    Then the user is redirected on Checkout completing the payment ... passed in 20.855s

@scenario.end
--------------------------------------------------------------------------------
]]>
</system-out></testcase><testcase classname="features.nodoInviaRPT.nodoInviaRPT_withStamp.User pays a single payment with stamp via nodoInviaRPT" name="User pays a single payment as PO type with no simple transfer and one stamp" status="passed" time="0.874439"><system-out>
<![CDATA[
@scenario.begin

  @runnable @nodo_invia_rpt @happy_path
  Scenario: User pays a single payment as PO type with no simple transfer and one stamp
    Given systems up ... passed in 0.483s
    Given a single RPT of type PO with 1 transfers of which 1 are stamps ... passed in 0.000s
    When the user tries to pay the RPT on EC website ... passed in 0.391s
    Then the response contains the old WISP URL ... passed in 0.000s

@scenario.end
--------------------------------------------------------------------------------
]]>
</system-out></testcase><testcase classname="features.nodoInviaRPT.nodoInviaRPT_withStamp.User pays a single payment with stamp via nodoInviaRPT" name="User pays a single payment as PO type with one simple transfer and one stamp, but fails the semantic validation" status="passed" time="1.028276"><system-out>
<![CDATA[
@scenario.begin

  @runnable @nodo_invia_rpt @unhappy_path
  Scenario: User pays a single payment as PO type with one simple transfer and one stamp, but fails the semantic validation
    Given systems up ... passed in 0.620s
    Given a single RPT of type PO with 2 transfers of which 1 are stamps ... passed in 0.000s
    When the user tries to pay the RPT on EC website but fails ... passed in 0.408s
    Then fails having invalid semantic validation due to incorrect RPT structure and getting the error PPT_SEMANTICA ... passed in 0.000s

@scenario.end
--------------------------------------------------------------------------------
]]>
</system-out></testcase></testsuite>