<testsuite name="features.nodoInviaRPT.nodoInviaRPT_existingPaymentPosition.User pays a single payment from existing payment position via nodoInviaRPT" tests="6" errors="0" failures="0" skipped="0" time="81.281587" timestamp="2026-05-19T16:28:57.672730" hostname="2SQDFS3-A081"><testcase classname="features.nodoInviaRPT.nodoInviaRPT_existingPaymentPosition.User pays a single payment from existing payment position via nodoInviaRPT" name="User pays a single payment with single transfer and no stamp that exists already in GPD" status="passed" time="23.023609"><system-out>
<![CDATA[
@scenario.begin

  @runnable @nodo_invia_rpt @happy_path
  Scenario: User pays a single payment with single transfer and no stamp that exists already in GPD
    Given systems up ... passed in 0.407s
    Given a single RPT of type BBT with 1 transfers of which 0 are stamps ... passed in 0.000s
    And an existing payment position related to first RPT with segregation code equals to 48 and state equals to VALID ... passed in 0.260s
    When the user tries to pay the RPT on EC website ... passed in 0.326s
    Then the user is redirected on Checkout completing the payment ... passed in 19.710s
    And the debt position is closed ... passed in 2.321s

@scenario.end
--------------------------------------------------------------------------------
]]>
</system-out></testcase><testcase classname="features.nodoInviaRPT.nodoInviaRPT_existingPaymentPosition.User pays a single payment from existing payment position via nodoInviaRPT" name="User pays a single payment with no transfer and one stamp that exists already in GPD" status="passed" time="23.560458"><system-out>
<![CDATA[
@scenario.begin

  @runnable @nodo_invia_rpt @happy_path
  Scenario: User pays a single payment with no transfer and one stamp that exists already in GPD
    Given systems up ... passed in 0.402s
    Given a single RPT of type BBT with 1 transfers of which 1 are stamps ... passed in 0.000s
    And an existing payment position related to first RPT with segregation code equals to 48 and state equals to VALID ... passed in 0.360s
    When the user tries to pay the RPT on EC website ... passed in 0.288s
    Then the user is redirected on Checkout completing the payment ... passed in 20.190s
    And the debt position is closed ... passed in 2.320s

@scenario.end
--------------------------------------------------------------------------------
]]>
</system-out></testcase><testcase classname="features.nodoInviaRPT.nodoInviaRPT_existingPaymentPosition.User pays a single payment from existing payment position via nodoInviaRPT" name="User pays a single payment with single transfer and one stamp that exists already in GPD" status="passed" time="22.969508"><system-out>
<![CDATA[
@scenario.begin

  @runnable @nodo_invia_rpt @happy_path
  Scenario: User pays a single payment with single transfer and one stamp that exists already in GPD
    Given systems up ... passed in 0.519s
    Given a single RPT of type BBT with 2 transfers of which 1 are stamps ... passed in 0.000s
    And an existing payment position related to first RPT with segregation code equals to 48 and state equals to VALID ... passed in 0.245s
    When the user tries to pay the RPT on EC website ... passed in 0.319s
    Then the user is redirected on Checkout completing the payment ... passed in 19.557s
    And the debt position is closed ... passed in 2.329s

@scenario.end
--------------------------------------------------------------------------------
]]>
</system-out></testcase><testcase classname="features.nodoInviaRPT.nodoInviaRPT_existingPaymentPosition.User pays a single payment from existing payment position via nodoInviaRPT" name="User tries to pay a single payment with single transfer and no stamp that exists already in GPD in invalid state" status="passed" time="4.18185"><system-out>
<![CDATA[
@scenario.begin

  @runnable @nodo_invia_rpt @unhappy_path
  Scenario: User tries to pay a single payment with single transfer and no stamp that exists already in GPD in invalid state
    Given systems up ... passed in 0.381s
    Given a single RPT of type BBT with 1 transfers of which 0 are stamps ... passed in 0.000s
    And an existing payment position related to first RPT with segregation code equals to 48 and state equals to DRAFT ... passed in 0.229s
    When the user tries to pay the RPT on EC website ... passed in 0.301s
    Then conversion to new model fails in wisp-converter ... passed in 1.004s
    And the KO receipt is sent ... passed in 2.267s

@scenario.end
--------------------------------------------------------------------------------
]]>
</system-out></testcase><testcase classname="features.nodoInviaRPT.nodoInviaRPT_existingPaymentPosition.User pays a single payment from existing payment position via nodoInviaRPT" name="User tries to pay a single payment that was inserted from ACA and is in valid state" status="passed" time="3.87328"><system-out>
<![CDATA[
@scenario.begin

  @runnable @nodo_invia_rpt @unhappy_path
  Scenario: User tries to pay a single payment that was inserted from ACA and is in valid state
    Given systems up ... passed in 0.460s
    Given a single RPT of type BBT with 1 transfers of which 0 are stamps ... passed in 0.001s
    And an existing payment position related to first RPT with segregation code equals to 01 and state equals to VALID ... passed in 0.317s
    When the user tries to pay the RPT on EC website ... passed in 0.320s
    Then conversion to new model fails in wisp-converter ... passed in 0.429s
    And the KO receipt is sent ... passed in 2.347s

@scenario.end
--------------------------------------------------------------------------------
]]>
</system-out></testcase><testcase classname="features.nodoInviaRPT.nodoInviaRPT_existingPaymentPosition.User pays a single payment from existing payment position via nodoInviaRPT" name="User tries to pay a single payment that was inserted from ACA and is in invalid state" status="passed" time="3.672883"><system-out>
<![CDATA[
@scenario.begin

  @runnable @nodo_invia_rpt @unhappy_path
  Scenario: User tries to pay a single payment that was inserted from ACA and is in invalid state
    Given systems up ... passed in 0.392s
    Given a single RPT of type BBT with 1 transfers of which 0 are stamps ... passed in 0.000s
    And an existing payment position related to first RPT with segregation code equals to 01 and state equals to DRAFT ... passed in 0.264s
    When the user tries to pay the RPT on EC website ... passed in 0.316s
    Then conversion to new model fails in wisp-converter ... passed in 0.443s
    And the KO receipt is sent ... passed in 2.258s

@scenario.end
--------------------------------------------------------------------------------
]]>
</system-out></testcase></testsuite>