<testsuite name="features.nodoInviaCarrelloRPT.nodoInviaCarrelloRPT_noStamp.User pays a payment carts without stamps on nodoInviaCarrelloRPT" tests="15" errors="0" failures="0" skipped="0" time="311.856707" timestamp="2026-05-19T16:25:04.635627" hostname="2SQDFS3-A081"><testcase classname="features.nodoInviaCarrelloRPT.nodoInviaCarrelloRPT_noStamp.User pays a payment carts without stamps on nodoInviaCarrelloRPT" name="User pays a cart with single RPT with one transfer" status="passed" time="22.324349"><system-out>
<![CDATA[
@scenario.begin

  @runnable @nodo_invia_carrello_rpt @happy_path
  Scenario: User pays a cart with single RPT with one transfer
    Given systems up ... passed in 1.083s
    Given a cart of RPTs non-multibeneficiary ... passed in 0.000s
    And a single RPT of type BBT with 1 transfers of which none are stamps ... passed in 0.000s
    When the user tries to pay a cart of RPTs on EC website ... passed in 0.324s
    Then the user is redirected on Checkout completing the payment ... passed in 20.918s

@scenario.end
--------------------------------------------------------------------------------
]]>
</system-out></testcase><testcase classname="features.nodoInviaCarrelloRPT.nodoInviaCarrelloRPT_noStamp.User pays a payment carts without stamps on nodoInviaCarrelloRPT" name="User pays a cart with single RPT with two transfers" status="passed" time="20.382157"><system-out>
<![CDATA[
@scenario.begin

  @runnable @nodo_invia_carrello_rpt @happy_path
  Scenario: User pays a cart with single RPT with two transfers
    Given systems up ... passed in 0.475s
    Given a cart of RPTs non-multibeneficiary ... passed in 0.000s
    And a single RPT of type BBT with 2 transfers of which none are stamps ... passed in 0.000s
    When the user tries to pay a cart of RPTs on EC website ... passed in 0.331s
    Then the user is redirected on Checkout completing the payment ... passed in 19.575s

@scenario.end
--------------------------------------------------------------------------------
]]>
</system-out></testcase><testcase classname="features.nodoInviaCarrelloRPT.nodoInviaCarrelloRPT_noStamp.User pays a payment carts without stamps on nodoInviaCarrelloRPT" name="User pays a cart with single RPT with three transfers" status="passed" time="20.447836"><system-out>
<![CDATA[
@scenario.begin

  @runnable @nodo_invia_carrello_rpt @happy_path
  Scenario: User pays a cart with single RPT with three transfers
    Given systems up ... passed in 0.451s
    Given a cart of RPTs non-multibeneficiary ... passed in 0.000s
    And a single RPT of type BBT with 3 transfers of which none are stamps ... passed in 0.000s
    When the user tries to pay a cart of RPTs on EC website ... passed in 0.314s
    Then the user is redirected on Checkout completing the payment ... passed in 19.682s

@scenario.end
--------------------------------------------------------------------------------
]]>
</system-out></testcase><testcase classname="features.nodoInviaCarrelloRPT.nodoInviaCarrelloRPT_noStamp.User pays a payment carts without stamps on nodoInviaCarrelloRPT" name="User pays a cart with single RPT with four transfers" status="passed" time="20.38398"><system-out>
<![CDATA[
@scenario.begin

  @runnable @nodo_invia_carrello_rpt @happy_path
  Scenario: User pays a cart with single RPT with four transfers
    Given systems up ... passed in 0.385s
    Given a cart of RPTs non-multibeneficiary ... passed in 0.000s
    And a single RPT of type BBT with 4 transfers of which none are stamps ... passed in 0.000s
    When the user tries to pay a cart of RPTs on EC website ... passed in 0.311s
    Then the user is redirected on Checkout completing the payment ... passed in 19.688s

@scenario.end
--------------------------------------------------------------------------------
]]>
</system-out></testcase><testcase classname="features.nodoInviaCarrelloRPT.nodoInviaCarrelloRPT_noStamp.User pays a payment carts without stamps on nodoInviaCarrelloRPT" name="User pays a cart with single RPT with five transfers" status="passed" time="20.764246"><system-out>
<![CDATA[
@scenario.begin

  @runnable @nodo_invia_carrello_rpt @happy_path
  Scenario: User pays a cart with single RPT with five transfers
    Given systems up ... passed in 0.427s
    Given a cart of RPTs non-multibeneficiary ... passed in 0.000s
    And a single RPT of type BBT with 5 transfers of which none are stamps ... passed in 0.000s
    When the user tries to pay a cart of RPTs on EC website ... passed in 0.319s
    Then the user is redirected on Checkout completing the payment ... passed in 20.018s

@scenario.end
--------------------------------------------------------------------------------
]]>
</system-out></testcase><testcase classname="features.nodoInviaCarrelloRPT.nodoInviaCarrelloRPT_noStamp.User pays a payment carts without stamps on nodoInviaCarrelloRPT" name="User pays a cart with three RPTs with one transfer each one" status="passed" time="23.198109"><system-out>
<![CDATA[
@scenario.begin

  @runnable @nodo_invia_carrello_rpt @happy_path
  Scenario: User pays a cart with three RPTs with one transfer each one
    Given systems up ... passed in 0.376s
    Given a cart of RPTs non-multibeneficiary ... passed in 0.000s
    And a single RPT of type BBT with 1 transfers of which none are stamps ... passed in 0.000s
    And a single RPT of type BBT with 1 transfers of which none are stamps ... passed in 0.001s
    And a single RPT of type BBT with 1 transfers of which none are stamps ... passed in 0.000s
    When the user tries to pay a cart of RPTs on EC website ... passed in 0.366s
    Then the user is redirected on Checkout completing the payment ... passed in 22.454s

@scenario.end
--------------------------------------------------------------------------------
]]>
</system-out></testcase><testcase classname="features.nodoInviaCarrelloRPT.nodoInviaCarrelloRPT_noStamp.User pays a payment carts without stamps on nodoInviaCarrelloRPT" name="User pays a cart with four RPTs with one transfer each one" status="passed" time="24.401033"><system-out>
<![CDATA[
@scenario.begin

  @runnable @nodo_invia_carrello_rpt @happy_path
  Scenario: User pays a cart with four RPTs with one transfer each one
    Given systems up ... passed in 0.349s
    Given a cart of RPTs non-multibeneficiary ... passed in 0.000s
    And a single RPT of type BBT with 1 transfers of which none are stamps ... passed in 0.000s
    And a single RPT of type BBT with 1 transfers of which none are stamps ... passed in 0.000s
    And a single RPT of type BBT with 1 transfers of which none are stamps ... passed in 0.000s
    And a single RPT of type BBT with 1 transfers of which none are stamps ... passed in 0.000s
    When the user tries to pay a cart of RPTs on EC website ... passed in 0.381s
    Then the user is redirected on Checkout completing the payment ... passed in 23.670s

@scenario.end
--------------------------------------------------------------------------------
]]>
</system-out></testcase><testcase classname="features.nodoInviaCarrelloRPT.nodoInviaCarrelloRPT_noStamp.User pays a payment carts without stamps on nodoInviaCarrelloRPT" name="User pays a cart with five RPTs with one transfer each one" status="passed" time="25.754133"><system-out>
<![CDATA[
@scenario.begin

  @runnable @nodo_invia_carrello_rpt @happy_path
  Scenario: User pays a cart with five RPTs with one transfer each one
    Given systems up ... passed in 0.404s
    Given a cart of RPTs non-multibeneficiary ... passed in 0.000s
    And a single RPT of type BBT with 1 transfers of which none are stamps ... passed in 0.000s
    And a single RPT of type BBT with 1 transfers of which none are stamps ... passed in 0.000s
    And a single RPT of type BBT with 1 transfers of which none are stamps ... passed in 0.000s
    And a single RPT of type BBT with 1 transfers of which none are stamps ... passed in 0.000s
    And a single RPT of type BBT with 1 transfers of which none are stamps ... passed in 0.000s
    When the user tries to pay a cart of RPTs on EC website ... passed in 0.445s
    Then the user is redirected on Checkout completing the payment ... passed in 24.903s

@scenario.end
--------------------------------------------------------------------------------
]]>
</system-out></testcase><testcase classname="features.nodoInviaCarrelloRPT.nodoInviaCarrelloRPT_noStamp.User pays a payment carts without stamps on nodoInviaCarrelloRPT" name="User pays a cart with two RPTs with a total of five transfers" status="passed" time="21.950832"><system-out>
<![CDATA[
@scenario.begin

  @runnable @nodo_invia_carrello_rpt @happy_path
  Scenario: User pays a cart with two RPTs with a total of five transfers
    Given systems up ... passed in 0.373s
    Given a cart of RPTs non-multibeneficiary ... passed in 0.000s
    And a single RPT of type BBT with 2 transfers of which none are stamps ... passed in 0.000s
    And a single RPT of type BBT with 3 transfers of which none are stamps ... passed in 0.000s
    When the user tries to pay a cart of RPTs on EC website ... passed in 0.369s
    Then the user is redirected on Checkout completing the payment ... passed in 21.209s

@scenario.end
--------------------------------------------------------------------------------
]]>
</system-out></testcase><testcase classname="features.nodoInviaCarrelloRPT.nodoInviaCarrelloRPT_noStamp.User pays a payment carts without stamps on nodoInviaCarrelloRPT" name="User pays a cart with three RPTs with a total of five transfers" status="passed" time="23.184397"><system-out>
<![CDATA[
@scenario.begin

  @runnable @nodo_invia_carrello_rpt @happy_path
  Scenario: User pays a cart with three RPTs with a total of five transfers
    Given systems up ... passed in 0.371s
    Given a cart of RPTs non-multibeneficiary ... passed in 0.000s
    And a single RPT of type BBT with 1 transfers of which none are stamps ... passed in 0.000s
    And a single RPT of type BBT with 2 transfers of which none are stamps ... passed in 0.000s
    And a single RPT of type BBT with 2 transfers of which none are stamps ... passed in 0.000s
    When the user tries to pay a cart of RPTs on EC website ... passed in 0.398s
    Then the user is redirected on Checkout completing the payment ... passed in 22.414s

@scenario.end
--------------------------------------------------------------------------------
]]>
</system-out></testcase><testcase classname="features.nodoInviaCarrelloRPT.nodoInviaCarrelloRPT_noStamp.User pays a payment carts without stamps on nodoInviaCarrelloRPT" name="User pays a cart with three RPTs with a total of ten transfers" status="passed" time="23.260097"><system-out>
<![CDATA[
@scenario.begin

  @runnable @nodo_invia_carrello_rpt @happy_path
  Scenario: User pays a cart with three RPTs with a total of ten transfers
    Given systems up ... passed in 0.405s
    Given a cart of RPTs non-multibeneficiary ... passed in 0.000s
    And a single RPT of type BBT with 3 transfers of which none are stamps ... passed in 0.000s
    And a single RPT of type BBT with 3 transfers of which none are stamps ... passed in 0.000s
    And a single RPT of type BBT with 4 transfers of which none are stamps ... passed in 0.000s
    When the user tries to pay a cart of RPTs on EC website ... passed in 0.375s
    Then the user is redirected on Checkout completing the payment ... passed in 22.479s

@scenario.end
--------------------------------------------------------------------------------
]]>
</system-out></testcase><testcase classname="features.nodoInviaCarrelloRPT.nodoInviaCarrelloRPT_noStamp.User pays a payment carts without stamps on nodoInviaCarrelloRPT" name="User tries to pay a cart with two RPTs but the payment closure fails, then tries again successfully" status="passed" time="43.317677"><system-out>
<![CDATA[
@scenario.begin

  @runnable @nodo_invia_carrello_rpt @happy_path
  Scenario: User tries to pay a cart with two RPTs but the payment closure fails, then tries again successfully
    Given systems up ... passed in 0.476s
    Given a cart of RPTs non-multibeneficiary ... passed in 0.000s
    And a single RPT of type BBT with 1 transfers of which none are stamps ... passed in 0.001s
    And a single RPT of type BBT with 1 transfers of which none are stamps ... passed in 0.000s
    And the user tries to pay a cart of RPTs on EC website ... passed in 0.335s
    And the user is redirected on Checkout not completing the multibeneficiary payment ... passed in 20.338s
    When the user tries to pay a cart of RPTs on EC website ... passed in 0.326s
    Then the user is redirected on Checkout completing the multibeneficiary payment ... passed in 21.841s

@scenario.end
--------------------------------------------------------------------------------
]]>
</system-out></testcase><testcase classname="features.nodoInviaCarrelloRPT.nodoInviaCarrelloRPT_noStamp.User pays a payment carts without stamps on nodoInviaCarrelloRPT" name="User tries to pay a cart with one RPT that has a quantity of transfers above the limit" status="passed" time="0.648879"><system-out>
<![CDATA[
@scenario.begin

  @runnable @nodo_invia_carrello_rpt @unhappy_path
  Scenario: User tries to pay a cart with one RPT that has a quantity of transfers above the limit
    Given systems up ... passed in 0.384s
    Given a cart of RPTs non-multibeneficiary ... passed in 0.000s
    And a single RPT of type BBT with 6 transfers of which none are stamps ... passed in 0.001s
    When the user tries to pay a cart of RPTs on EC website with no redirect URL check ... passed in 0.264s
    Then fails having a quantity of transfers above the limit and getting the error PPT_SINTASSI_XSD ... passed in 0.000s

@scenario.end
--------------------------------------------------------------------------------
]]>
</system-out></testcase><testcase classname="features.nodoInviaCarrelloRPT.nodoInviaCarrelloRPT_noStamp.User pays a payment carts without stamps on nodoInviaCarrelloRPT" name="User tries to pay a cart with two RPT that has a quantity of transfers above the limit" status="passed" time="0.750378"><system-out>
<![CDATA[
@scenario.begin

  @runnable @nodo_invia_carrello_rpt @unhappy_path
  Scenario: User tries to pay a cart with two RPT that has a quantity of transfers above the limit
    Given systems up ... passed in 0.412s
    Given a cart of RPTs non-multibeneficiary ... passed in 0.000s
    And a single RPT of type BBT with 2 transfers of which none are stamps ... passed in 0.000s
    And a single RPT of type BBT with 6 transfers of which none are stamps ... passed in 0.000s
    And a single RPT of type BBT with 6 transfers of which none are stamps ... passed in 0.000s
    When the user tries to pay a cart of RPTs on EC website with no redirect URL check ... passed in 0.338s
    Then fails having a quantity of transfers above the limit and getting the error PPT_SINTASSI_XSD ... passed in 0.000s

@scenario.end
--------------------------------------------------------------------------------
]]>
</system-out></testcase><testcase classname="features.nodoInviaCarrelloRPT.nodoInviaCarrelloRPT_noStamp.User pays a payment carts without stamps on nodoInviaCarrelloRPT" name="User tries to pay a cart with two RPTs but the payment closure fails" status="passed" time="21.088604"><system-out>
<![CDATA[
@scenario.begin

  @runnable @nodo_invia_carrello_rpt @unhappy_path
  Scenario: User tries to pay a cart with two RPTs but the payment closure fails
    Given systems up ... passed in 0.371s
    Given a cart of RPTs non-multibeneficiary ... passed in 0.000s
    And a single RPT of type BBT with 1 transfers of which none are stamps ... passed in 0.001s
    And a single RPT of type BBT with 1 transfers of which none are stamps ... passed in 0.000s
    When the user tries to pay a cart of RPTs on EC website ... passed in 0.341s
    Then the user is redirected on Checkout not completing the multibeneficiary payment ... passed in 20.376s

@scenario.end
--------------------------------------------------------------------------------
]]>
</system-out></testcase></testsuite>