<testsuite name="features.nodoInviaCarrelloRPT.nodoInviaCarrelloRPT_multibeneficiary.User pays a multibeneficiary payment carts on nodoInviaCarrelloRPT" tests="8" errors="0" failures="0" skipped="0" time="88.576581" timestamp="2026-05-19T16:19:52.715892" hostname="2SQDFS3-A081"><testcase classname="features.nodoInviaCarrelloRPT.nodoInviaCarrelloRPT_multibeneficiary.User pays a multibeneficiary payment carts on nodoInviaCarrelloRPT" name="User pays a multibeneficiary cart with two RPTs with a total of two transfers" status="passed" time="22.704056"><system-out>
<![CDATA[
@scenario.begin

  @runnable @nodo_invia_carrello_rpt @happy_path
  Scenario: User pays a multibeneficiary cart with two RPTs with a total of two transfers
    Given systems up ... passed in 0.420s
    Given a cart of RPTs for multibeneficiary ... passed in 0.000s
    And a single RPT of type BBT with 1 transfers of which none are stamps ... passed in 0.000s
    And a single RPT of type BBT with 1 transfers of which none are stamps ... passed in 0.000s
    When the user tries to pay a cart of RPTs on EC website ... passed in 0.370s
    Then the user is redirected on Checkout completing the multibeneficiary payment ... passed in 21.913s

@scenario.end
--------------------------------------------------------------------------------
]]>
</system-out></testcase><testcase classname="features.nodoInviaCarrelloRPT.nodoInviaCarrelloRPT_multibeneficiary.User pays a multibeneficiary payment carts on nodoInviaCarrelloRPT" name="User pays a multibeneficiary cart with two RPTs with a total of three transfers" status="passed" time="21.162452"><system-out>
<![CDATA[
@scenario.begin

  @runnable @nodo_invia_carrello_rpt @happy_path
  Scenario: User pays a multibeneficiary cart with two RPTs with a total of three transfers
    Given systems up ... passed in 0.961s
    Given a cart of RPTs for multibeneficiary ... passed in 0.000s
    And a single RPT of type BBT with 2 transfers of which none are stamps ... passed in 0.000s
    And a single RPT of type BBT with 1 transfers of which none are stamps ... passed in 0.001s
    When the user tries to pay a cart of RPTs on EC website ... passed in 0.450s
    Then the user is redirected on Checkout completing the multibeneficiary payment ... passed in 19.750s

@scenario.end
--------------------------------------------------------------------------------
]]>
</system-out></testcase><testcase classname="features.nodoInviaCarrelloRPT.nodoInviaCarrelloRPT_multibeneficiary.User pays a multibeneficiary payment carts on nodoInviaCarrelloRPT" name="User pays a multibeneficiary cart with two RPTs with a total of four transfers" status="passed" time="21.05991"><system-out>
<![CDATA[
@scenario.begin

  @runnable @nodo_invia_carrello_rpt @happy_path
  Scenario: User pays a multibeneficiary cart with two RPTs with a total of four transfers
    Given systems up ... passed in 0.419s
    Given a cart of RPTs for multibeneficiary ... passed in 0.000s
    And a single RPT of type BBT with 3 transfers of which none are stamps ... passed in 0.000s
    And a single RPT of type BBT with 1 transfers of which none are stamps ... passed in 0.000s
    When the user tries to pay a cart of RPTs on EC website ... passed in 0.825s
    Then the user is redirected on Checkout completing the multibeneficiary payment ... passed in 19.816s

@scenario.end
--------------------------------------------------------------------------------
]]>
</system-out></testcase><testcase classname="features.nodoInviaCarrelloRPT.nodoInviaCarrelloRPT_multibeneficiary.User pays a multibeneficiary payment carts on nodoInviaCarrelloRPT" name="User pays a multibeneficiary cart with two RPTs with a total of five transfers" status="passed" time="20.770607"><system-out>
<![CDATA[
@scenario.begin

  @runnable @nodo_invia_carrello_rpt @happy_path
  Scenario: User pays a multibeneficiary cart with two RPTs with a total of five transfers
    Given systems up ... passed in 0.474s
    Given a cart of RPTs for multibeneficiary ... passed in 0.000s
    And a single RPT of type BBT with 4 transfers of which none are stamps ... passed in 0.000s
    And a single RPT of type BBT with 1 transfers of which none are stamps ... passed in 0.000s
    When the user tries to pay a cart of RPTs on EC website ... passed in 0.499s
    Then the user is redirected on Checkout completing the multibeneficiary payment ... passed in 19.797s

@scenario.end
--------------------------------------------------------------------------------
]]>
</system-out></testcase><testcase classname="features.nodoInviaCarrelloRPT.nodoInviaCarrelloRPT_multibeneficiary.User pays a multibeneficiary payment carts on nodoInviaCarrelloRPT" name="User tries to pay a multibeneficiary cart with two RPTs with a total of six transfers, but the cart has more than 5 transfers" status="passed" time="0.725523"><system-out>
<![CDATA[
@scenario.begin

  @runnable @nodo_invia_carrello_rpt @unhappy_path
  Scenario: User tries to pay a multibeneficiary cart with two RPTs with a total of six transfers, but the cart has more than 5 transfers
    Given systems up ... passed in 0.401s
    Given a cart of RPTs for multibeneficiary ... passed in 0.000s
    And a single RPT of type BBT with 5 transfers of which none are stamps ... passed in 0.001s
    And a single RPT of type BBT with 1 transfers of which none are stamps ... passed in 0.000s
    When the user tries to pay a cart of RPTs on EC website with no redirect URL check ... passed in 0.323s
    And fails trying to pay ... passed in 0.000s
    Then the response contains the field description with value 'Il carrello deve avere massimo 5 versamenti totali' ... passed in 0.000s

@scenario.end
--------------------------------------------------------------------------------
]]>
</system-out></testcase><testcase classname="features.nodoInviaCarrelloRPT.nodoInviaCarrelloRPT_multibeneficiary.User pays a multibeneficiary payment carts on nodoInviaCarrelloRPT" name="User tries to pay a multibeneficiary cart with three RPTs with one transfer each one, but the cart has more than 2 RPT" status="passed" time="0.758082"><system-out>
<![CDATA[
@scenario.begin

  @runnable @nodo_invia_carrello_rpt @unhappy_path
  Scenario: User tries to pay a multibeneficiary cart with three RPTs with one transfer each one, but the cart has more than 2 RPT
    Given systems up ... passed in 0.402s
    Given a cart of RPTs for multibeneficiary ... passed in 0.000s
    And a single RPT of type BBT with 1 transfers of which none are stamps ... passed in 0.000s
    And a single RPT of type BBT with 1 transfers of which none are stamps ... passed in 0.000s
    And a single RPT of type BBT with 1 transfers of which none are stamps ... passed in 0.000s
    When the user tries to pay a cart of RPTs on EC website with no redirect URL check ... passed in 0.355s
    And fails trying to pay ... passed in 0.000s
    Then the response contains the field description with value 'Il carrello non contiene solo 2 RPT' ... passed in 0.000s

@scenario.end
--------------------------------------------------------------------------------
]]>
</system-out></testcase><testcase classname="features.nodoInviaCarrelloRPT.nodoInviaCarrelloRPT_multibeneficiary.User pays a multibeneficiary payment carts on nodoInviaCarrelloRPT" name="User tries to pay a multibeneficiary cart with two RPTs, on which the second has two transfers, but the second RPT contains more than one transfers" status="passed" time="0.698565"><system-out>
<![CDATA[
@scenario.begin

  @runnable @nodo_invia_carrello_rpt @unhappy_path
  Scenario: User tries to pay a multibeneficiary cart with two RPTs, on which the second has two transfers, but the second RPT contains more than one transfers
    Given systems up ... passed in 0.419s
    Given a cart of RPTs for multibeneficiary ... passed in 0.000s
    And a single RPT of type BBT with 3 transfers of which none are stamps ... passed in 0.000s
    And a single RPT of type BBT with 2 transfers of which none are stamps ... passed in 0.000s
    When the user tries to pay a cart of RPTs on EC website with no redirect URL check ... passed in 0.279s
    And fails trying to pay ... passed in 0.000s
    Then the response contains the field description with value 'La seconda RPT non contiene solo 1 versamento' ... passed in 0.000s

@scenario.end
--------------------------------------------------------------------------------
]]>
</system-out></testcase><testcase classname="features.nodoInviaCarrelloRPT.nodoInviaCarrelloRPT_multibeneficiary.User pays a multibeneficiary payment carts on nodoInviaCarrelloRPT" name="User tries to pay a multibeneficiary cart with two RPTs with a stamp, but it fails because one RPT has the stamp" status="passed" time="0.697387"><system-out>
<![CDATA[
@scenario.begin

  @runnable @nodo_invia_carrello_rpt @unhappy_path
  Scenario: User tries to pay a multibeneficiary cart with two RPTs with a stamp, but it fails because one RPT has the stamp
    Given systems up ... passed in 0.417s
    Given a cart of RPTs for multibeneficiary ... passed in 0.000s
    And a single RPT of type BBT with 2 transfers of which 1 are stamps ... passed in 0.000s
    And a single RPT of type BBT with 1 transfers of which none are stamps ... passed in 0.000s
    When the user tries to pay a cart of RPTs on EC website with no redirect URL check ... passed in 0.279s
    And fails trying to pay ... passed in 0.000s
    Then the response contains the field description with value 'Nessuna RPT deve contienere marca da bollo' ... passed in 0.000s

@scenario.end
--------------------------------------------------------------------------------
]]>
</system-out></testcase></testsuite>