<testsuite name="features.nodoInviaCarrelloRPT.nodoInviaCarrelloRPT_withStamp.User pays a payment carts with stamps on nodoInviaCarrelloRPT" tests="9" errors="0" failures="0" skipped="0" time="151.69069" timestamp="2026-05-19T16:27:36.362986" hostname="2SQDFS3-A081"><testcase classname="features.nodoInviaCarrelloRPT.nodoInviaCarrelloRPT_withStamp.User pays a payment carts with stamps on nodoInviaCarrelloRPT" name="User pays a cart with single RPT no simple transfer and one stamp" status="passed" time="20.459558"><system-out>
<![CDATA[
@scenario.begin

  @runnable @nodo_invia_carrello_rpt @happy_path
  Scenario: User pays a cart with single RPT no simple transfer and one stamp
    Given systems up ... passed in 0.369s
    Given a cart of RPTs non-multibeneficiary ... passed in 0.000s
    And a single RPT of type BBT with 1 transfers of which 1 are stamps ... passed in 0.000s
    When the user tries to pay a cart of RPTs on EC website ... passed in 0.419s
    Then the user is redirected on Checkout completing the payment ... passed in 19.671s

@scenario.end
--------------------------------------------------------------------------------
]]>
</system-out></testcase><testcase classname="features.nodoInviaCarrelloRPT.nodoInviaCarrelloRPT_withStamp.User pays a payment carts with stamps on nodoInviaCarrelloRPT" name="User pays a cart with single RPT one simple transfer and one stamp" status="passed" time="20.271889"><system-out>
<![CDATA[
@scenario.begin

  @runnable @nodo_invia_carrello_rpt @happy_path
  Scenario: User pays a cart with single RPT one simple transfer and one stamp
    Given systems up ... passed in 0.396s
    Given a cart of RPTs non-multibeneficiary ... passed in 0.000s
    And a single RPT of type BBT with 2 transfers of which 1 are stamps ... passed in 0.000s
    When the user tries to pay a cart of RPTs on EC website ... passed in 0.334s
    Then the user is redirected on Checkout completing the payment ... passed in 19.541s

@scenario.end
--------------------------------------------------------------------------------
]]>
</system-out></testcase><testcase classname="features.nodoInviaCarrelloRPT.nodoInviaCarrelloRPT_withStamp.User pays a payment carts with stamps on nodoInviaCarrelloRPT" name="User pays a cart with single RPT two simple transfer and one stamp" status="passed" time="20.254389"><system-out>
<![CDATA[
@scenario.begin

  @runnable @nodo_invia_carrello_rpt @happy_path
  Scenario: User pays a cart with single RPT two simple transfer and one stamp
    Given systems up ... passed in 0.402s
    Given a cart of RPTs non-multibeneficiary ... passed in 0.000s
    And a single RPT of type BBT with 3 transfers of which 1 are stamps ... passed in 0.000s
    When the user tries to pay a cart of RPTs on EC website ... passed in 0.300s
    Then the user is redirected on Checkout completing the payment ... passed in 19.552s

@scenario.end
--------------------------------------------------------------------------------
]]>
</system-out></testcase><testcase classname="features.nodoInviaCarrelloRPT.nodoInviaCarrelloRPT_withStamp.User pays a payment carts with stamps on nodoInviaCarrelloRPT" name="User pays a cart with two RPTs, both with no simple transfer and one stamp" status="passed" time="21.795353"><system-out>
<![CDATA[
@scenario.begin

  @runnable @nodo_invia_carrello_rpt @happy_path
  Scenario: User pays a cart with two RPTs, both with no simple transfer and one stamp
    Given systems up ... passed in 0.454s
    Given a cart of RPTs non-multibeneficiary ... passed in 0.000s
    And a single RPT of type BBT with 1 transfers of which 1 are stamps ... passed in 0.000s
    And a single RPT of type BBT with 1 transfers of which 1 are stamps ... passed in 0.000s
    When the user tries to pay a cart of RPTs on EC website ... passed in 0.535s
    Then the user is redirected on Checkout completing the payment ... passed in 20.805s

@scenario.end
--------------------------------------------------------------------------------
]]>
</system-out></testcase><testcase classname="features.nodoInviaCarrelloRPT.nodoInviaCarrelloRPT_withStamp.User pays a payment carts with stamps on nodoInviaCarrelloRPT" name="User pays a cart with two RPTs, both with one simple transfer and one stamp" status="passed" time="22.010869"><system-out>
<![CDATA[
@scenario.begin

  @runnable @nodo_invia_carrello_rpt @happy_path
  Scenario: User pays a cart with two RPTs, both with one simple transfer and one stamp
    Given systems up ... passed in 0.391s
    Given a cart of RPTs non-multibeneficiary ... passed in 0.000s
    And a single RPT of type BBT with 2 transfers of which 1 are stamps ... passed in 0.000s
    And a single RPT of type BBT with 2 transfers of which 1 are stamps ... passed in 0.000s
    When the user tries to pay a cart of RPTs on EC website ... passed in 0.316s
    Then the user is redirected on Checkout completing the payment ... passed in 21.303s

@scenario.end
--------------------------------------------------------------------------------
]]>
</system-out></testcase><testcase classname="features.nodoInviaCarrelloRPT.nodoInviaCarrelloRPT_withStamp.User pays a payment carts with stamps on nodoInviaCarrelloRPT" name="User pays a cart with two RPTs, with different quantity of simple transfer and stamps" status="passed" time="22.381068"><system-out>
<![CDATA[
@scenario.begin

  @runnable @nodo_invia_carrello_rpt @happy_path
  Scenario: User pays a cart with two RPTs, with different quantity of simple transfer and stamps
    Given systems up ... passed in 0.386s
    Given a cart of RPTs non-multibeneficiary ... passed in 0.000s
    And a single RPT of type BBT with 3 transfers of which 1 are stamps ... passed in 0.000s
    And a single RPT of type BBT with 4 transfers of which 2 are stamps ... passed in 0.000s
    When the user tries to pay a cart of RPTs on EC website ... passed in 0.375s
    Then the user is redirected on Checkout completing the payment ... passed in 21.619s

@scenario.end
--------------------------------------------------------------------------------
]]>
</system-out></testcase><testcase classname="features.nodoInviaCarrelloRPT.nodoInviaCarrelloRPT_withStamp.User pays a payment carts with stamps on nodoInviaCarrelloRPT" name="User pays a cart with three RPTs, with different quantity of simple transfer and stamps" status="passed" time="23.076591"><system-out>
<![CDATA[
@scenario.begin

  @runnable @nodo_invia_carrello_rpt @happy_path
  Scenario: User pays a cart with three RPTs, with different quantity of simple transfer and stamps
    Given systems up ... passed in 0.362s
    Given a cart of RPTs non-multibeneficiary ... passed in 0.000s
    And a single RPT of type BBT with 3 transfers of which 1 are stamps ... passed in 0.000s
    And a single RPT of type BBT with 4 transfers of which 2 are stamps ... passed in 0.000s
    And a single RPT of type BBT with 2 transfers of which 2 are stamps ... passed in 0.000s
    When the user tries to pay a cart of RPTs on EC website ... passed in 0.362s
    Then the user is redirected on Checkout completing the payment ... passed in 22.352s

@scenario.end
--------------------------------------------------------------------------------
]]>
</system-out></testcase><testcase classname="features.nodoInviaCarrelloRPT.nodoInviaCarrelloRPT_withStamp.User pays a payment carts with stamps on nodoInviaCarrelloRPT" name="User tries to pay a cart with one RPT that has a quantity of transfers and stamps above the limit" status="passed" time="0.684025"><system-out>
<![CDATA[
@scenario.begin

  @runnable @nodo_invia_carrello_rpt @unhappy_path
  Scenario: User tries to pay a cart with one RPT that has a quantity of transfers and stamps above the limit
    Given systems up ... passed in 0.406s
    Given a cart of RPTs non-multibeneficiary ... passed in 0.000s
    And a single RPT of type BBT with 6 transfers of which 3 are stamps ... passed in 0.000s
    When the user tries to pay a cart of RPTs on EC website with no redirect URL check ... passed in 0.277s
    Then fails having a quantity of transfers above the limit and getting the error PPT_SINTASSI_XSD ... passed in 0.000s

@scenario.end
--------------------------------------------------------------------------------
]]>
</system-out></testcase><testcase classname="features.nodoInviaCarrelloRPT.nodoInviaCarrelloRPT_withStamp.User pays a payment carts with stamps on nodoInviaCarrelloRPT" name="User tries to pay a cart with two RPTs that has a quantity of transfers and stamps above the limit" status="passed" time="0.756948"><system-out>
<![CDATA[
@scenario.begin

  @runnable @nodo_invia_carrello_rpt @unhappy_path
  Scenario: User tries to pay a cart with two RPTs that has a quantity of transfers and stamps above the limit
    Given systems up ... passed in 0.441s
    Given a cart of RPTs non-multibeneficiary ... passed in 0.000s
    And a single RPT of type BBT with 2 transfers of which 1 are stamps ... passed in 0.000s
    And a single RPT of type BBT with 6 transfers of which 2 are stamps ... passed in 0.000s
    When the user tries to pay a cart of RPTs on EC website with no redirect URL check ... passed in 0.315s
    Then fails having a quantity of transfers above the limit and getting the error PPT_SINTASSI_XSD ... passed in 0.000s

@scenario.end
--------------------------------------------------------------------------------
]]>
</system-out></testcase></testsuite>