{
  "uid" : "3b70a0ab464f5185",
  "name" : "run a simple test 2",
  "fullName" : "showing off behave: run a simple test 2",
  "historyId" : "b1cfa3b41e995510e8cab216e2c55b6c",
  "time" : {
    "start" : 1756192007586,
    "stop" : 1756192007589,
    "duration" : 3
  },
  "status" : "failed",
  "statusMessage" : "AssertionError\n",
  "statusTrace" : "  File \"/opt/hostedtoolcache/Python/3.13.7/x64/lib/python3.13/site-packages/behave/model.py\", line 1329, in run\n    match.run(runner.context)\n    ~~~~~~~~~^^^^^^^^^^^^^^^^\n  File \"/opt/hostedtoolcache/Python/3.13.7/x64/lib/python3.13/site-packages/behave/matchers.py\", line 98, in run\n    self.func(context, *args, **kwargs)\n    ~~~~~~~~~^^^^^^^^^^^^^^^^^^^^^^^^^^\n  File \"src/bdd/fdr/steps/helloworld.py\", line 16, in step_impl\n    assert context.failed is False\n           ^^^^^^^^^^^^^^^^^^^^^^^\n",
  "flaky" : false,
  "newFailed" : false,
  "beforeStages" : [ ],
  "testStage" : {
    "status" : "failed",
    "statusMessage" : "AssertionError\n",
    "statusTrace" : "  File \"/opt/hostedtoolcache/Python/3.13.7/x64/lib/python3.13/site-packages/behave/model.py\", line 1329, in run\n    match.run(runner.context)\n    ~~~~~~~~~^^^^^^^^^^^^^^^^\n  File \"/opt/hostedtoolcache/Python/3.13.7/x64/lib/python3.13/site-packages/behave/matchers.py\", line 98, in run\n    self.func(context, *args, **kwargs)\n    ~~~~~~~~~^^^^^^^^^^^^^^^^^^^^^^^^^^\n  File \"src/bdd/fdr/steps/helloworld.py\", line 16, in step_impl\n    assert context.failed is False\n           ^^^^^^^^^^^^^^^^^^^^^^^\n",
    "steps" : [ {
      "name" : "Given we have behave installed",
      "time" : {
        "start" : 1756192007586,
        "stop" : 1756192007587,
        "duration" : 1
      },
      "status" : "passed",
      "steps" : [ ],
      "attachments" : [ ],
      "parameters" : [ ],
      "stepsCount" : 0,
      "hasContent" : false,
      "attachmentsCount" : 0,
      "shouldDisplayMessage" : false
    }, {
      "name" : "When we implement a test",
      "time" : {
        "start" : 1756192007587,
        "stop" : 1756192007587,
        "duration" : 0
      },
      "status" : "passed",
      "steps" : [ ],
      "attachments" : [ ],
      "parameters" : [ ],
      "stepsCount" : 0,
      "hasContent" : false,
      "attachmentsCount" : 0,
      "shouldDisplayMessage" : false
    }, {
      "name" : "Then behave will test it for us!",
      "time" : {
        "start" : 1756192007587,
        "stop" : 1756192007588,
        "duration" : 1
      },
      "status" : "failed",
      "statusMessage" : "AssertionError\n",
      "statusTrace" : "  File \"/opt/hostedtoolcache/Python/3.13.7/x64/lib/python3.13/site-packages/behave/model.py\", line 1329, in run\n    match.run(runner.context)\n    ~~~~~~~~~^^^^^^^^^^^^^^^^\n  File \"/opt/hostedtoolcache/Python/3.13.7/x64/lib/python3.13/site-packages/behave/matchers.py\", line 98, in run\n    self.func(context, *args, **kwargs)\n    ~~~~~~~~~^^^^^^^^^^^^^^^^^^^^^^^^^^\n  File \"src/bdd/fdr/steps/helloworld.py\", line 16, in step_impl\n    assert context.failed is False\n           ^^^^^^^^^^^^^^^^^^^^^^^\n",
      "steps" : [ ],
      "attachments" : [ ],
      "parameters" : [ ],
      "stepsCount" : 0,
      "hasContent" : true,
      "attachmentsCount" : 0,
      "shouldDisplayMessage" : true
    } ],
    "attachments" : [ ],
    "parameters" : [ ],
    "stepsCount" : 3,
    "hasContent" : true,
    "attachmentsCount" : 0,
    "shouldDisplayMessage" : false
  },
  "afterStages" : [ ],
  "labels" : [ {
    "name" : "severity",
    "value" : "normal"
  }, {
    "name" : "tag",
    "value" : "runnable"
  }, {
    "name" : "feature",
    "value" : "showing off behave"
  }, {
    "name" : "framework",
    "value" : "behave"
  }, {
    "name" : "language",
    "value" : "cpython3"
  }, {
    "name" : "resultFormat",
    "value" : "allure2"
  } ],
  "parameters" : [ ],
  "links" : [ ],
  "hidden" : false,
  "retry" : false,
  "extra" : {
    "severity" : "normal",
    "retries" : [ ],
    "categories" : [ {
      "name" : "Product defects",
      "matchedStatuses" : [ ],
      "flaky" : false
    } ],
    "tags" : [ "runnable" ]
  },
  "source" : "3b70a0ab464f5185.json",
  "parameterValues" : [ ]
}