{"uid":"2da6e3b6ebabdadf","name":"run a simple test 2","fullName":"showing off behave: run a simple test 2","historyId":"b1cfa3b41e995510e8cab216e2c55b6c","time":{"start":1736127144845,"stop":1736127144846,"duration":1},"status":"failed","statusMessage":"AssertionError\n","statusTrace":"  File \"/opt/hostedtoolcache/Python/3.12.8/x64/lib/python3.12/site-packages/behave/model.py\", line 1329, in run\n    match.run(runner.context)\n  File \"/opt/hostedtoolcache/Python/3.12.8/x64/lib/python3.12/site-packages/behave/matchers.py\", line 98, in run\n    self.func(context, *args, **kwargs)\n  File \"src/bdd/fdr/steps/helloworld.py\", line 16, in step_impl\n    assert context.failed is False\n           ^^^^^^^^^^^^^^^^^^^^^^^\n","flaky":false,"newFailed":false,"newBroken":false,"newPassed":false,"retriesCount":0,"retriesStatusChange":false,"beforeStages":[],"testStage":{"status":"failed","statusMessage":"AssertionError\n","statusTrace":"  File \"/opt/hostedtoolcache/Python/3.12.8/x64/lib/python3.12/site-packages/behave/model.py\", line 1329, in run\n    match.run(runner.context)\n  File \"/opt/hostedtoolcache/Python/3.12.8/x64/lib/python3.12/site-packages/behave/matchers.py\", line 98, in run\n    self.func(context, *args, **kwargs)\n  File \"src/bdd/fdr/steps/helloworld.py\", line 16, in step_impl\n    assert context.failed is False\n           ^^^^^^^^^^^^^^^^^^^^^^^\n","steps":[{"name":"Given we have behave installed","time":{"start":1736127144845,"stop":1736127144845,"duration":0},"status":"passed","steps":[],"attachments":[],"parameters":[],"shouldDisplayMessage":false,"stepsCount":0,"attachmentsCount":0,"hasContent":false,"attachmentStep":false},{"name":"When we implement a test","time":{"start":1736127144845,"stop":1736127144845,"duration":0},"status":"passed","steps":[],"attachments":[],"parameters":[],"shouldDisplayMessage":false,"stepsCount":0,"attachmentsCount":0,"hasContent":false,"attachmentStep":false},{"name":"Then behave will test it for us!","time":{"start":1736127144845,"stop":1736127144846,"duration":1},"status":"failed","statusMessage":"AssertionError\n","statusTrace":"  File \"/opt/hostedtoolcache/Python/3.12.8/x64/lib/python3.12/site-packages/behave/model.py\", line 1329, in run\n    match.run(runner.context)\n  File \"/opt/hostedtoolcache/Python/3.12.8/x64/lib/python3.12/site-packages/behave/matchers.py\", line 98, in run\n    self.func(context, *args, **kwargs)\n  File \"src/bdd/fdr/steps/helloworld.py\", line 16, in step_impl\n    assert context.failed is False\n           ^^^^^^^^^^^^^^^^^^^^^^^\n","steps":[],"attachments":[],"parameters":[],"shouldDisplayMessage":true,"stepsCount":0,"attachmentsCount":0,"hasContent":true,"attachmentStep":false}],"attachments":[],"parameters":[],"shouldDisplayMessage":false,"stepsCount":3,"attachmentsCount":0,"hasContent":true,"attachmentStep":false},"afterStages":[],"labels":[{"name":"severity","value":"normal"},{"name":"tag","value":"runnable"},{"name":"feature","value":"showing off behave"},{"name":"framework","value":"behave"},{"name":"language","value":"cpython3"},{"name":"resultFormat","value":"allure2"}],"parameters":[],"links":[],"hidden":false,"retry":false,"extra":{"severity":"normal","retries":[],"categories":[{"name":"Product defects","matchedStatuses":[],"flaky":false}],"history":{"statistic":{"failed":5,"broken":0,"skipped":0,"passed":0,"unknown":0,"total":5},"items":[{"uid":"cdcc215b457ffbda","reportUrl":"https://pagopa.github.io/pagopa-platform-integration-test/fdr-tests/309//#testresult/cdcc215b457ffbda","status":"failed","statusDetails":"AssertionError\n","time":{"start":1736040724690,"stop":1736040724692,"duration":2}},{"uid":"f595a4f552d6628a","reportUrl":"https://pagopa.github.io/pagopa-platform-integration-test/fdr-tests/308//#testresult/f595a4f552d6628a","status":"failed","statusDetails":"AssertionError\n","time":{"start":1735954298972,"stop":1735954298974,"duration":2}},{"uid":"d945bf5f66d5a923","reportUrl":"https://pagopa.github.io/pagopa-platform-integration-test/fdr-tests/307//#testresult/d945bf5f66d5a923","status":"failed","statusDetails":"AssertionError\n","time":{"start":1735915814144,"stop":1735915814145,"duration":1}},{"uid":"ce4e5e43caf2761a","reportUrl":"https://pagopa.github.io/pagopa-platform-integration-test/fdr-tests/306//#testresult/ce4e5e43caf2761a","status":"failed","statusDetails":"AssertionError\n","time":{"start":1735914540032,"stop":1735914540033,"duration":1}}]},"tags":["runnable"]},"source":"2da6e3b6ebabdadf.json","parameterValues":[]}